CRITICAL - 2021-09-05 00:44:15 --> Argument 1 passed to CodeIgniter\Images\Handlers\BaseHandler::withFile() must be of the type string, null given, called in D:\xampp\htdocs\ci4_demo\app\Controllers\Student.php on line 35
#0 D:\xampp\htdocs\ci4_demo\app\Controllers\Student.php(35): CodeIgniter\Images\Handlers\BaseHandler->withFile(NULL)
#1 D:\xampp\htdocs\ci4_demo\system\CodeIgniter.php(928): App\Controllers\Student->store()
#2 D:\xampp\htdocs\ci4_demo\system\CodeIgniter.php(436): CodeIgniter\CodeIgniter->runController(Object(App\Controllers\Student))
#3 D:\xampp\htdocs\ci4_demo\system\CodeIgniter.php(336): CodeIgniter\CodeIgniter->handleRequest(NULL, Object(Config\Cache), false)
#4 D:\xampp\htdocs\ci4_demo\public\index.php(37): CodeIgniter\CodeIgniter->run()
#5 D:\xampp\htdocs\ci4_demo\system\Commands\Server\rewrite.php(45): require_once('D:\\xampp\\htdocs...')
#6 {main}
CRITICAL - 2021-09-05 00:46:08 --> Argument 1 passed to CodeIgniter\Images\Handlers\BaseHandler::withFile() must be of the type string, null given, called in D:\xampp\htdocs\ci4_demo\app\Controllers\Student.php on line 35
#0 D:\xampp\htdocs\ci4_demo\app\Controllers\Student.php(35): CodeIgniter\Images\Handlers\BaseHandler->withFile(NULL)
#1 D:\xampp\htdocs\ci4_demo\system\CodeIgniter.php(928): App\Controllers\Student->store()
#2 D:\xampp\htdocs\ci4_demo\system\CodeIgniter.php(436): CodeIgniter\CodeIgniter->runController(Object(App\Controllers\Student))
#3 D:\xampp\htdocs\ci4_demo\system\CodeIgniter.php(336): CodeIgniter\CodeIgniter->handleRequest(NULL, Object(Config\Cache), false)
#4 D:\xampp\htdocs\ci4_demo\public\index.php(37): CodeIgniter\CodeIgniter->run()
#5 D:\xampp\htdocs\ci4_demo\system\Commands\Server\rewrite.php(45): require_once('D:\\xampp\\htdocs...')
#6 {main}
CRITICAL - 2021-09-05 00:47:14 --> Unable to save the image. Please make sure the image and file directory are writable.
#0 D:\xampp\htdocs\ci4_demo\system\Images\Handlers\GDHandler.php(307): CodeIgniter\Images\Exceptions\ImageException::forSaveFailed()
#1 D:\xampp\htdocs\ci4_demo\app\Controllers\Student.php(44): CodeIgniter\Images\Handlers\GDHandler->save('D:\\xampp\\htdocs...')
#2 D:\xampp\htdocs\ci4_demo\system\CodeIgniter.php(928): App\Controllers\Student->store()
#3 D:\xampp\htdocs\ci4_demo\system\CodeIgniter.php(436): CodeIgniter\CodeIgniter->runController(Object(App\Controllers\Student))
#4 D:\xampp\htdocs\ci4_demo\system\CodeIgniter.php(336): CodeIgniter\CodeIgniter->handleRequest(NULL, Object(Config\Cache), false)
#5 D:\xampp\htdocs\ci4_demo\public\index.php(37): CodeIgniter\CodeIgniter->run()
#6 D:\xampp\htdocs\ci4_demo\system\Commands\Server\rewrite.php(45): require_once('D:\\xampp\\htdocs...')
#7 {main}
CRITICAL - 2021-09-05 02:41:07 --> syntax error, unexpected ';', expecting ']'
#0 D:\xampp\htdocs\ci4_demo\system\Router\Router.php(169): CodeIgniter\Router\Router->autoRoute('student')
#1 D:\xampp\htdocs\ci4_demo\system\CodeIgniter.php(809): CodeIgniter\Router\Router->handle('student')
#2 D:\xampp\htdocs\ci4_demo\system\CodeIgniter.php(389): CodeIgniter\CodeIgniter->tryToRouteIt(Object(CodeIgniter\Router\RouteCollection))
#3 D:\xampp\htdocs\ci4_demo\system\CodeIgniter.php(336): CodeIgniter\CodeIgniter->handleRequest(NULL, Object(Config\Cache), false)
#4 D:\xampp\htdocs\ci4_demo\public\index.php(37): CodeIgniter\CodeIgniter->run()
#5 D:\xampp\htdocs\ci4_demo\system\Commands\Server\rewrite.php(45): require_once('D:\\xampp\\htdocs...')
#6 {main}
CRITICAL - 2021-09-05 02:43:23 --> syntax error, unexpected ';', expecting ']'
#0 D:\xampp\htdocs\ci4_demo\system\Router\Router.php(169): CodeIgniter\Router\Router->autoRoute('student')
#1 D:\xampp\htdocs\ci4_demo\system\CodeIgniter.php(809): CodeIgniter\Router\Router->handle('student')
#2 D:\xampp\htdocs\ci4_demo\system\CodeIgniter.php(389): CodeIgniter\CodeIgniter->tryToRouteIt(Object(CodeIgniter\Router\RouteCollection))
#3 D:\xampp\htdocs\ci4_demo\system\CodeIgniter.php(336): CodeIgniter\CodeIgniter->handleRequest(NULL, Object(Config\Cache), false)
#4 D:\xampp\htdocs\ci4_demo\public\index.php(37): CodeIgniter\CodeIgniter->run()
#5 D:\xampp\htdocs\ci4_demo\system\Commands\Server\rewrite.php(45): require_once('D:\\xampp\\htdocs...')
#6 {main}
CRITICAL - 2021-09-05 02:44:11 --> Class 'Dompdf\Dompdf' not found
#0 D:\xampp\htdocs\ci4_demo\system\CodeIgniter.php(928): App\Controllers\Student->convertToPdf()
#1 D:\xampp\htdocs\ci4_demo\system\CodeIgniter.php(436): CodeIgniter\CodeIgniter->runController(Object(App\Controllers\Student))
#2 D:\xampp\htdocs\ci4_demo\system\CodeIgniter.php(336): CodeIgniter\CodeIgniter->handleRequest(NULL, Object(Config\Cache), false)
#3 D:\xampp\htdocs\ci4_demo\public\index.php(37): CodeIgniter\CodeIgniter->run()
#4 D:\xampp\htdocs\ci4_demo\system\Commands\Server\rewrite.php(45): require_once('D:\\xampp\\htdocs...')
#5 {main}
CRITICAL - 2021-09-05 11:23:45 --> Argument 2 passed to CodeIgniter\Database\BaseBuilder::like() must be of the type string, null given, called in D:\xampp\htdocs\ci4_demo\system\Model.php on line 800
#0 D:\xampp\htdocs\ci4_demo\system\Model.php(800): CodeIgniter\Database\BaseBuilder->like('first_name', NULL)
#1 D:\xampp\htdocs\ci4_demo\app\Controllers\Student.php(23): CodeIgniter\Model->__call('like', Array)
#2 D:\xampp\htdocs\ci4_demo\system\CodeIgniter.php(928): App\Controllers\Student->ajaxSearch()
#3 D:\xampp\htdocs\ci4_demo\system\CodeIgniter.php(436): CodeIgniter\CodeIgniter->runController(Object(App\Controllers\Student))
#4 D:\xampp\htdocs\ci4_demo\system\CodeIgniter.php(336): CodeIgniter\CodeIgniter->handleRequest(NULL, Object(Config\Cache), false)
#5 D:\xampp\htdocs\ci4_demo\public\index.php(37): CodeIgniter\CodeIgniter->run()
#6 D:\xampp\htdocs\ci4_demo\system\Commands\Server\rewrite.php(45): require_once('D:\\xampp\\htdocs...')
#7 {main}
CRITICAL - 2021-09-05 11:23:45 --> Argument 2 passed to CodeIgniter\Database\BaseBuilder::like() must be of the type string, null given, called in D:\xampp\htdocs\ci4_demo\system\Model.php on line 800
#0 D:\xampp\htdocs\ci4_demo\system\Model.php(800): CodeIgniter\Database\BaseBuilder->like('first_name', NULL)
#1 D:\xampp\htdocs\ci4_demo\app\Controllers\Student.php(23): CodeIgniter\Model->__call('like', Array)
#2 D:\xampp\htdocs\ci4_demo\system\CodeIgniter.php(928): App\Controllers\Student->ajaxSearch()
#3 D:\xampp\htdocs\ci4_demo\system\CodeIgniter.php(436): CodeIgniter\CodeIgniter->runController(Object(App\Controllers\Student))
#4 D:\xampp\htdocs\ci4_demo\system\CodeIgniter.php(336): CodeIgniter\CodeIgniter->handleRequest(NULL, Object(Config\Cache), false)
#5 D:\xampp\htdocs\ci4_demo\public\index.php(37): CodeIgniter\CodeIgniter->run()
#6 D:\xampp\htdocs\ci4_demo\system\Commands\Server\rewrite.php(45): require_once('D:\\xampp\\htdocs...')
#7 {main}
CRITICAL - 2021-09-05 11:25:46 --> Argument 2 passed to CodeIgniter\Database\BaseBuilder::like() must be of the type string, null given, called in D:\xampp\htdocs\ci4_demo\app\Controllers\Student.php on line 26
#0 D:\xampp\htdocs\ci4_demo\app\Controllers\Student.php(26): CodeIgniter\Database\BaseBuilder->like('first_name', NULL)
#1 D:\xampp\htdocs\ci4_demo\system\CodeIgniter.php(928): App\Controllers\Student->ajaxSearch()
#2 D:\xampp\htdocs\ci4_demo\system\CodeIgniter.php(436): CodeIgniter\CodeIgniter->runController(Object(App\Controllers\Student))
#3 D:\xampp\htdocs\ci4_demo\system\CodeIgniter.php(336): CodeIgniter\CodeIgniter->handleRequest(NULL, Object(Config\Cache), false)
#4 D:\xampp\htdocs\ci4_demo\public\index.php(37): CodeIgniter\CodeIgniter->run()
#5 D:\xampp\htdocs\ci4_demo\system\Commands\Server\rewrite.php(45): require_once('D:\\xampp\\htdocs...')
#6 {main}
CRITICAL - 2021-09-05 11:26:00 --> Argument 2 passed to CodeIgniter\Database\BaseBuilder::like() must be of the type string, null given, called in D:\xampp\htdocs\ci4_demo\app\Controllers\Student.php on line 26
#0 D:\xampp\htdocs\ci4_demo\app\Controllers\Student.php(26): CodeIgniter\Database\BaseBuilder->like('first_name', NULL)
#1 D:\xampp\htdocs\ci4_demo\system\CodeIgniter.php(928): App\Controllers\Student->ajaxSearch()
#2 D:\xampp\htdocs\ci4_demo\system\CodeIgniter.php(436): CodeIgniter\CodeIgniter->runController(Object(App\Controllers\Student))
#3 D:\xampp\htdocs\ci4_demo\system\CodeIgniter.php(336): CodeIgniter\CodeIgniter->handleRequest(NULL, Object(Config\Cache), false)
#4 D:\xampp\htdocs\ci4_demo\public\index.php(37): CodeIgniter\CodeIgniter->run()
#5 D:\xampp\htdocs\ci4_demo\system\Commands\Server\rewrite.php(45): require_once('D:\\xampp\\htdocs...')
#6 {main}
CRITICAL - 2021-09-05 11:26:01 --> Argument 2 passed to CodeIgniter\Database\BaseBuilder::like() must be of the type string, null given, called in D:\xampp\htdocs\ci4_demo\app\Controllers\Student.php on line 26
#0 D:\xampp\htdocs\ci4_demo\app\Controllers\Student.php(26): CodeIgniter\Database\BaseBuilder->like('first_name', NULL)
#1 D:\xampp\htdocs\ci4_demo\system\CodeIgniter.php(928): App\Controllers\Student->ajaxSearch()
#2 D:\xampp\htdocs\ci4_demo\system\CodeIgniter.php(436): CodeIgniter\CodeIgniter->runController(Object(App\Controllers\Student))
#3 D:\xampp\htdocs\ci4_demo\system\CodeIgniter.php(336): CodeIgniter\CodeIgniter->handleRequest(NULL, Object(Config\Cache), false)
#4 D:\xampp\htdocs\ci4_demo\public\index.php(37): CodeIgniter\CodeIgniter->run()
#5 D:\xampp\htdocs\ci4_demo\system\Commands\Server\rewrite.php(45): require_once('D:\\xampp\\htdocs...')
#6 {main}
CRITICAL - 2021-09-05 11:26:01 --> Argument 2 passed to CodeIgniter\Database\BaseBuilder::like() must be of the type string, null given, called in D:\xampp\htdocs\ci4_demo\app\Controllers\Student.php on line 26
#0 D:\xampp\htdocs\ci4_demo\app\Controllers\Student.php(26): CodeIgniter\Database\BaseBuilder->like('first_name', NULL)
#1 D:\xampp\htdocs\ci4_demo\system\CodeIgniter.php(928): App\Controllers\Student->ajaxSearch()
#2 D:\xampp\htdocs\ci4_demo\system\CodeIgniter.php(436): CodeIgniter\CodeIgniter->runController(Object(App\Controllers\Student))
#3 D:\xampp\htdocs\ci4_demo\system\CodeIgniter.php(336): CodeIgniter\CodeIgniter->handleRequest(NULL, Object(Config\Cache), false)
#4 D:\xampp\htdocs\ci4_demo\public\index.php(37): CodeIgniter\CodeIgniter->run()
#5 D:\xampp\htdocs\ci4_demo\system\Commands\Server\rewrite.php(45): require_once('D:\\xampp\\htdocs...')
#6 {main}
CRITICAL - 2021-09-05 11:26:02 --> Argument 2 passed to CodeIgniter\Database\BaseBuilder::like() must be of the type string, null given, called in D:\xampp\htdocs\ci4_demo\app\Controllers\Student.php on line 26
#0 D:\xampp\htdocs\ci4_demo\app\Controllers\Student.php(26): CodeIgniter\Database\BaseBuilder->like('first_name', NULL)
#1 D:\xampp\htdocs\ci4_demo\system\CodeIgniter.php(928): App\Controllers\Student->ajaxSearch()
#2 D:\xampp\htdocs\ci4_demo\system\CodeIgniter.php(436): CodeIgniter\CodeIgniter->runController(Object(App\Controllers\Student))
#3 D:\xampp\htdocs\ci4_demo\system\CodeIgniter.php(336): CodeIgniter\CodeIgniter->handleRequest(NULL, Object(Config\Cache), false)
#4 D:\xampp\htdocs\ci4_demo\public\index.php(37): CodeIgniter\CodeIgniter->run()
#5 D:\xampp\htdocs\ci4_demo\system\Commands\Server\rewrite.php(45): require_once('D:\\xampp\\htdocs...')
#6 {main}
ERROR - 2021-09-05 11:26:29 --> Table 'ci4_demo.users' doesn't exist
CRITICAL - 2021-09-05 11:26:29 --> Call to a member function getResult() on bool
#0 D:\xampp\htdocs\ci4_demo\system\CodeIgniter.php(928): App\Controllers\Student->ajaxSearch()
#1 D:\xampp\htdocs\ci4_demo\system\CodeIgniter.php(436): CodeIgniter\CodeIgniter->runController(Object(App\Controllers\Student))
#2 D:\xampp\htdocs\ci4_demo\system\CodeIgniter.php(336): CodeIgniter\CodeIgniter->handleRequest(NULL, Object(Config\Cache), false)
#3 D:\xampp\htdocs\ci4_demo\public\index.php(37): CodeIgniter\CodeIgniter->run()
#4 D:\xampp\htdocs\ci4_demo\system\Commands\Server\rewrite.php(45): require_once('D:\\xampp\\htdocs...')
#5 {main}
CRITICAL - 2021-09-05 11:34:28 --> Cannot use object of type stdClass as array
#0 D:\xampp\htdocs\ci4_demo\system\CodeIgniter.php(928): App\Controllers\Student->ajaxSearch()
#1 D:\xampp\htdocs\ci4_demo\system\CodeIgniter.php(436): CodeIgniter\CodeIgniter->runController(Object(App\Controllers\Student))
#2 D:\xampp\htdocs\ci4_demo\system\CodeIgniter.php(336): CodeIgniter\CodeIgniter->handleRequest(NULL, Object(Config\Cache), false)
#3 D:\xampp\htdocs\ci4_demo\public\index.php(37): CodeIgniter\CodeIgniter->run()
#4 D:\xampp\htdocs\ci4_demo\system\Commands\Server\rewrite.php(45): require_once('D:\\xampp\\htdocs...')
#5 {main}
CRITICAL - 2021-09-05 12:18:39 --> Argument 2 passed to CodeIgniter\Database\BaseBuilder::like() must be of the type string, null given, called in D:\xampp\htdocs\ci4_demo\system\Model.php on line 800
#0 D:\xampp\htdocs\ci4_demo\system\Model.php(800): CodeIgniter\Database\BaseBuilder->like('first_name', NULL)
#1 D:\xampp\htdocs\ci4_demo\app\Controllers\Student.php(22): CodeIgniter\Model->__call('like', Array)
#2 D:\xampp\htdocs\ci4_demo\system\CodeIgniter.php(928): App\Controllers\Student->ajaxSearch()
#3 D:\xampp\htdocs\ci4_demo\system\CodeIgniter.php(436): CodeIgniter\CodeIgniter->runController(Object(App\Controllers\Student))
#4 D:\xampp\htdocs\ci4_demo\system\CodeIgniter.php(336): CodeIgniter\CodeIgniter->handleRequest(NULL, Object(Config\Cache), false)
#5 D:\xampp\htdocs\ci4_demo\public\index.php(37): CodeIgniter\CodeIgniter->run()
#6 D:\xampp\htdocs\ci4_demo\system\Commands\Server\rewrite.php(45): require_once('D:\\xampp\\htdocs...')
#7 {main}
CRITICAL - 2021-09-05 12:18:39 --> Argument 2 passed to CodeIgniter\Database\BaseBuilder::like() must be of the type string, null given, called in D:\xampp\htdocs\ci4_demo\system\Model.php on line 800
#0 D:\xampp\htdocs\ci4_demo\system\Model.php(800): CodeIgniter\Database\BaseBuilder->like('first_name', NULL)
#1 D:\xampp\htdocs\ci4_demo\app\Controllers\Student.php(22): CodeIgniter\Model->__call('like', Array)
#2 D:\xampp\htdocs\ci4_demo\system\CodeIgniter.php(928): App\Controllers\Student->ajaxSearch()
#3 D:\xampp\htdocs\ci4_demo\system\CodeIgniter.php(436): CodeIgniter\CodeIgniter->runController(Object(App\Controllers\Student))
#4 D:\xampp\htdocs\ci4_demo\system\CodeIgniter.php(336): CodeIgniter\CodeIgniter->handleRequest(NULL, Object(Config\Cache), false)
#5 D:\xampp\htdocs\ci4_demo\public\index.php(37): CodeIgniter\CodeIgniter->run()
#6 D:\xampp\htdocs\ci4_demo\system\Commands\Server\rewrite.php(45): require_once('D:\\xampp\\htdocs...')
#7 {main}
ERROR - 2021-09-05 12:23:48 --> Table 'ci4_demo.student' doesn't exist
CRITICAL - 2021-09-05 12:23:48 --> Call to a member function getResult() on bool
#0 D:\xampp\htdocs\ci4_demo\system\CodeIgniter.php(928): App\Controllers\Student->ajaxSearch()
#1 D:\xampp\htdocs\ci4_demo\system\CodeIgniter.php(436): CodeIgniter\CodeIgniter->runController(Object(App\Controllers\Student))
#2 D:\xampp\htdocs\ci4_demo\system\CodeIgniter.php(336): CodeIgniter\CodeIgniter->handleRequest(NULL, Object(Config\Cache), false)
#3 D:\xampp\htdocs\ci4_demo\public\index.php(37): CodeIgniter\CodeIgniter->run()
#4 D:\xampp\htdocs\ci4_demo\system\Commands\Server\rewrite.php(45): require_once('D:\\xampp\\htdocs...')
#5 {main}
ERROR - 2021-09-05 12:23:48 --> Table 'ci4_demo.student' doesn't exist
CRITICAL - 2021-09-05 12:23:48 --> Call to a member function getResult() on bool
#0 D:\xampp\htdocs\ci4_demo\system\CodeIgniter.php(928): App\Controllers\Student->ajaxSearch()
#1 D:\xampp\htdocs\ci4_demo\system\CodeIgniter.php(436): CodeIgniter\CodeIgniter->runController(Object(App\Controllers\Student))
#2 D:\xampp\htdocs\ci4_demo\system\CodeIgniter.php(336): CodeIgniter\CodeIgniter->handleRequest(NULL, Object(Config\Cache), false)
#3 D:\xampp\htdocs\ci4_demo\public\index.php(37): CodeIgniter\CodeIgniter->run()
#4 D:\xampp\htdocs\ci4_demo\system\Commands\Server\rewrite.php(45): require_once('D:\\xampp\\htdocs...')
#5 {main}
ERROR - 2021-09-05 12:24:16 --> Table 'ci4_demo.student' doesn't exist
CRITICAL - 2021-09-05 12:24:16 --> Call to a member function getResult() on bool
#0 D:\xampp\htdocs\ci4_demo\system\CodeIgniter.php(928): App\Controllers\Student->ajaxSearch()
#1 D:\xampp\htdocs\ci4_demo\system\CodeIgniter.php(436): CodeIgniter\CodeIgniter->runController(Object(App\Controllers\Student))
#2 D:\xampp\htdocs\ci4_demo\system\CodeIgniter.php(336): CodeIgniter\CodeIgniter->handleRequest(NULL, Object(Config\Cache), false)
#3 D:\xampp\htdocs\ci4_demo\public\index.php(37): CodeIgniter\CodeIgniter->run()
#4 D:\xampp\htdocs\ci4_demo\system\Commands\Server\rewrite.php(45): require_once('D:\\xampp\\htdocs...')
#5 {main}
ERROR - 2021-09-05 12:24:18 --> Table 'ci4_demo.student' doesn't exist
CRITICAL - 2021-09-05 12:24:18 --> Call to a member function getResult() on bool
#0 D:\xampp\htdocs\ci4_demo\system\CodeIgniter.php(928): App\Controllers\Student->ajaxSearch()
#1 D:\xampp\htdocs\ci4_demo\system\CodeIgniter.php(436): CodeIgniter\CodeIgniter->runController(Object(App\Controllers\Student))
#2 D:\xampp\htdocs\ci4_demo\system\CodeIgniter.php(336): CodeIgniter\CodeIgniter->handleRequest(NULL, Object(Config\Cache), false)
#3 D:\xampp\htdocs\ci4_demo\public\index.php(37): CodeIgniter\CodeIgniter->run()
#4 D:\xampp\htdocs\ci4_demo\system\Commands\Server\rewrite.php(45): require_once('D:\\xampp\\htdocs...')
#5 {main}
ERROR - 2021-09-05 12:24:29 --> Table 'ci4_demo.student' doesn't exist
CRITICAL - 2021-09-05 12:24:29 --> Call to a member function getResult() on bool
#0 D:\xampp\htdocs\ci4_demo\system\CodeIgniter.php(928): App\Controllers\Student->ajaxSearch()
#1 D:\xampp\htdocs\ci4_demo\system\CodeIgniter.php(436): CodeIgniter\CodeIgniter->runController(Object(App\Controllers\Student))
#2 D:\xampp\htdocs\ci4_demo\system\CodeIgniter.php(336): CodeIgniter\CodeIgniter->handleRequest(NULL, Object(Config\Cache), false)
#3 D:\xampp\htdocs\ci4_demo\public\index.php(37): CodeIgniter\CodeIgniter->run()
#4 D:\xampp\htdocs\ci4_demo\system\Commands\Server\rewrite.php(45): require_once('D:\\xampp\\htdocs...')
#5 {main}
CRITICAL - 2021-09-05 12:28:28 --> Argument 2 passed to CodeIgniter\Database\BaseBuilder::like() must be of the type string, null given, called in D:\xampp\htdocs\ci4_demo\system\Model.php on line 800
#0 D:\xampp\htdocs\ci4_demo\system\Model.php(800): CodeIgniter\Database\BaseBuilder->like('first_name', NULL)
#1 D:\xampp\htdocs\ci4_demo\app\Controllers\Student.php(23): CodeIgniter\Model->__call('like', Array)
#2 D:\xampp\htdocs\ci4_demo\system\CodeIgniter.php(928): App\Controllers\Student->ajaxSearch()
#3 D:\xampp\htdocs\ci4_demo\system\CodeIgniter.php(436): CodeIgniter\CodeIgniter->runController(Object(App\Controllers\Student))
#4 D:\xampp\htdocs\ci4_demo\system\CodeIgniter.php(336): CodeIgniter\CodeIgniter->handleRequest(NULL, Object(Config\Cache), false)
#5 D:\xampp\htdocs\ci4_demo\public\index.php(37): CodeIgniter\CodeIgniter->run()
#6 D:\xampp\htdocs\ci4_demo\system\Commands\Server\rewrite.php(45): require_once('D:\\xampp\\htdocs...')
#7 {main}
